<?xml version="1.0" encoding="UTF-8"?>
<testsuite name="blackjack.GameTest" tests="1" skipped="0" failures="0" errors="0" timestamp="2022-03-20T16:32:06" hostname="DESKTOP-H9PDH86" time="0.08">
  <properties/>
  <testcase name="blackjack()" classname="blackjack.GameTest" time="0.08"/>
  <system-out><![CDATA[]]></system-out>
  <system-err><![CDATA[]]></system-err>
</testsuite>
